<?xml version="1.0" encoding="UTF-8"?>
<!-- Generated by org.testng.reporters.JUnitXMLReporter -->
<testsuite hostname="owner" name="Test" tests="4" failures="0" timestamp="28 May 2016 07:40:23 GMT" time="49.877" errors="0">
  <testcase name="loginTest" time="5.73" classname="com.actitime.scripts.LoginTest"/>
  <testcase name="createCustomerTest" time="9.165" classname="com.actitime.scripts.CreateCustAndProjTest"/>
  <testcase name="createProjectTest" time="8.36" classname="com.actitime.scripts.CreateCustAndProjTest"/>
  <testcase name="deleteCustomerTest" time="8.68" classname="com.actitime.scripts.CreateCustAndProjTest"/>
</testsuite> <!-- Test -->
