<?xml version="1.0" encoding="UTF-8"?>
<testng-results skipped="4" failed="0" total="4" passed="0">
  <reporter-output>
  </reporter-output>
  <suite name="Suite" duration-ms="3324" started-at="2017-05-24T07:25:08Z" finished-at="2017-05-24T07:25:11Z">
    <groups>
    </groups>
    <test name="Test" duration-ms="3324" started-at="2017-05-24T07:25:08Z" finished-at="2017-05-24T07:25:11Z">
      <class name="com.actitime.scripts.LoginTest">
        <test-method status="FAIL" signature="preCondition(java.lang.String)[pri:0, instance:com.actitime.scripts.LoginTest@66048bfd]" name="preCondition" is-config="true" duration-ms="0" started-at="2017-05-24T12:55:08Z" finished-at="2017-05-24T12:55:08Z">
          <params>
            <param index="0">
              <value>
                <![CDATA[chrome]]>
              </value>
            </param>
          </params>
          <exception class="org.openqa.selenium.SessionNotCreatedException">
            <message>
              <![CDATA[session not created exception
from unknown error: Runtime.executionContextCreated has invalid 'context': {"auxData":{"frameId":"12724.1","isDefault":true},"id":1,"name":"","origin":"://"}
  (Session info: chrome=58.0.3029.110)
  (Driver info: chromedriver=2.21.371459 (36d3d07f660ff2bc1bf28a75d1cdabed0983e7c4),platform=Windows NT 6.1 SP1 x86_64) (WARNING: The server did not provide any stacktrace information)
Command duration or timeout: 2.25 seconds
Build info: version: '2.53.0', revision: '35ae25b', time: '2016-03-15 16:57:40'
System info: host: 'WINAS251039-VKC', ip: '153.53.34.81', os.name: 'Windows 7', os.arch: 'amd64', os.version: '6.1', java.version: '1.8.0_91'
Driver info: org.openqa.selenium.chrome.ChromeDriver]]>
            </message>
            <full-stacktrace>
              <![CDATA[org.openqa.selenium.SessionNotCreatedException: session not created exception
from unknown error: Runtime.executionContextCreated has invalid 'context': {"auxData":{"frameId":"12724.1","isDefault":true},"id":1,"name":"","origin":"://"}
  (Session info: chrome=58.0.3029.110)
  (Driver info: chromedriver=2.21.371459 (36d3d07f660ff2bc1bf28a75d1cdabed0983e7c4),platform=Windows NT 6.1 SP1 x86_64) (WARNING: The server did not provide any stacktrace information)
Command duration or timeout: 2.25 seconds
Build info: version: '2.53.0', revision: '35ae25b', time: '2016-03-15 16:57:40'
System info: host: 'WINAS251039-VKC', ip: '153.53.34.81', os.name: 'Windows 7', os.arch: 'amd64', os.version: '6.1', java.version: '1.8.0_91'
Driver info: org.openqa.selenium.chrome.ChromeDriver
	at sun.reflect.NativeConstructorAccessorImpl.newInstance0(Native Method)
	at sun.reflect.NativeConstructorAccessorImpl.newInstance(Unknown Source)
	at sun.reflect.DelegatingConstructorAccessorImpl.newInstance(Unknown Source)
	at java.lang.reflect.Constructor.newInstance(Unknown Source)
	at org.openqa.selenium.remote.ErrorHandler.createThrowable(ErrorHandler.java:206)
	at org.openqa.selenium.remote.ErrorHandler.throwIfResponseFailed(ErrorHandler.java:158)
	at org.openqa.selenium.remote.RemoteWebDriver.execute(RemoteWebDriver.java:678)
	at org.openqa.selenium.remote.RemoteWebDriver.startSession(RemoteWebDriver.java:249)
	at org.openqa.selenium.remote.RemoteWebDriver.<init>(RemoteWebDriver.java:131)
	at org.openqa.selenium.remote.RemoteWebDriver.<init>(RemoteWebDriver.java:144)
	at org.openqa.selenium.chrome.ChromeDriver.<init>(ChromeDriver.java:170)
	at org.openqa.selenium.chrome.ChromeDriver.<init>(ChromeDriver.java:159)
	at org.openqa.selenium.chrome.ChromeDriver.<init>(ChromeDriver.java:116)
	at com.actitime.genericLib.BaseLib.preCondition(BaseLib.java:28)
	at sun.reflect.NativeMethodAccessorImpl.invoke0(Native Method)
	at sun.reflect.NativeMethodAccessorImpl.invoke(Unknown Source)
	at sun.reflect.DelegatingMethodAccessorImpl.invoke(Unknown Source)
	at java.lang.reflect.Method.invoke(Unknown Source)
	at org.testng.internal.MethodInvocationHelper.invokeMethod(MethodInvocationHelper.java:85)
	at org.testng.internal.Invoker.invokeConfigurationMethod(Invoker.java:510)
	at org.testng.internal.Invoker.invokeConfigurations(Invoker.java:211)
	at org.testng.internal.Invoker.invokeMethod(Invoker.java:585)
	at org.testng.internal.Invoker.invokeTestMethod(Invoker.java:816)
	at org.testng.internal.Invoker.invokeTestMethods(Invoker.java:1124)
	at org.testng.internal.TestMethodWorker.invokeTestMethods(TestMethodWorker.java:125)
	at org.testng.internal.TestMethodWorker.run(TestMethodWorker.java:108)
	at org.testng.TestRunner.privateRun(TestRunner.java:774)
	at org.testng.TestRunner.run(TestRunner.java:624)
	at org.testng.SuiteRunner.runTest(SuiteRunner.java:359)
	at org.testng.SuiteRunner.runSequentially(SuiteRunner.java:354)
	at org.testng.SuiteRunner.privateRun(SuiteRunner.java:312)
	at org.testng.SuiteRunner.run(SuiteRunner.java:261)
	at org.testng.SuiteRunnerWorker.runSuite(SuiteRunnerWorker.java:52)
	at org.testng.SuiteRunnerWorker.run(SuiteRunnerWorker.java:86)
	at org.testng.TestNG.runSuitesSequentially(TestNG.java:1215)
	at org.testng.TestNG.runSuitesLocally(TestNG.java:1140)
	at org.testng.TestNG.run(TestNG.java:1048)
	at org.testng.TestNG.privateMain(TestNG.java:1355)
	at org.testng.TestNG.main(TestNG.java:1324)
]]>
            </full-stacktrace>
          </exception> <!-- org.openqa.selenium.SessionNotCreatedException -->
          <reporter-output>
          </reporter-output>
        </test-method> <!-- preCondition -->
        <test-method status="SKIP" signature="postCondition(org.testng.ITestResult)[pri:0, instance:com.actitime.scripts.LoginTest@66048bfd]" name="postCondition" is-config="true" duration-ms="0" started-at="2017-05-24T12:55:11Z" finished-at="2017-05-24T12:55:11Z">
          <reporter-output>
          </reporter-output>
        </test-method> <!-- postCondition -->
        <test-method status="SKIP" signature="loginTest()[pri:1, instance:com.actitime.scripts.LoginTest@66048bfd]" name="loginTest" duration-ms="0" started-at="2017-05-24T12:55:11Z" finished-at="2017-05-24T12:55:11Z">
          <reporter-output>
          </reporter-output>
        </test-method> <!-- loginTest -->
      </class> <!-- com.actitime.scripts.LoginTest -->
      <class name="com.actitime.scripts.CreateCustAndProjTest">
        <test-method status="SKIP" signature="postCondition(org.testng.ITestResult)[pri:0, instance:com.actitime.scripts.CreateCustAndProjTest@61443d8f]" name="postCondition" is-config="true" duration-ms="0" started-at="2017-05-24T12:55:11Z" finished-at="2017-05-24T12:55:11Z">
          <reporter-output>
          </reporter-output>
        </test-method> <!-- postCondition -->
        <test-method status="SKIP" signature="createProjectTest()[pri:2, instance:com.actitime.scripts.CreateCustAndProjTest@61443d8f]" name="createProjectTest" duration-ms="0" started-at="2017-05-24T12:55:11Z" finished-at="2017-05-24T12:55:11Z">
          <reporter-output>
          </reporter-output>
        </test-method> <!-- createProjectTest -->
        <test-method status="SKIP" signature="createCustomerTest()[pri:1, instance:com.actitime.scripts.CreateCustAndProjTest@61443d8f]" name="createCustomerTest" duration-ms="0" started-at="2017-05-24T12:55:11Z" finished-at="2017-05-24T12:55:11Z">
          <reporter-output>
          </reporter-output>
        </test-method> <!-- createCustomerTest -->
        <test-method status="SKIP" signature="preCondition(java.lang.String)[pri:0, instance:com.actitime.scripts.CreateCustAndProjTest@61443d8f]" name="preCondition" is-config="true" duration-ms="0" started-at="2017-05-24T12:55:11Z" finished-at="2017-05-24T12:55:11Z">
          <reporter-output>
          </reporter-output>
        </test-method> <!-- preCondition -->
        <test-method status="SKIP" signature="preCondition(java.lang.String)[pri:0, instance:com.actitime.scripts.CreateCustAndProjTest@61443d8f]" name="preCondition" is-config="true" duration-ms="0" started-at="2017-05-24T12:55:11Z" finished-at="2017-05-24T12:55:11Z">
          <reporter-output>
          </reporter-output>
        </test-method> <!-- preCondition -->
        <test-method status="SKIP" signature="postCondition(org.testng.ITestResult)[pri:0, instance:com.actitime.scripts.CreateCustAndProjTest@61443d8f]" name="postCondition" is-config="true" duration-ms="0" started-at="2017-05-24T12:55:11Z" finished-at="2017-05-24T12:55:11Z">
          <reporter-output>
          </reporter-output>
        </test-method> <!-- postCondition -->
        <test-method status="SKIP" signature="deleteCustomerTest()[pri:3, instance:com.actitime.scripts.CreateCustAndProjTest@61443d8f]" name="deleteCustomerTest" duration-ms="0" started-at="2017-05-24T12:55:11Z" finished-at="2017-05-24T12:55:11Z">
          <reporter-output>
          </reporter-output>
        </test-method> <!-- deleteCustomerTest -->
        <test-method status="SKIP" signature="preCondition(java.lang.String)[pri:0, instance:com.actitime.scripts.CreateCustAndProjTest@61443d8f]" name="preCondition" is-config="true" duration-ms="0" started-at="2017-05-24T12:55:11Z" finished-at="2017-05-24T12:55:11Z">
          <reporter-output>
          </reporter-output>
        </test-method> <!-- preCondition -->
        <test-method status="SKIP" signature="postCondition(org.testng.ITestResult)[pri:0, instance:com.actitime.scripts.CreateCustAndProjTest@61443d8f]" name="postCondition" is-config="true" duration-ms="0" started-at="2017-05-24T12:55:11Z" finished-at="2017-05-24T12:55:11Z">
          <reporter-output>
          </reporter-output>
        </test-method> <!-- postCondition -->
      </class> <!-- com.actitime.scripts.CreateCustAndProjTest -->
    </test> <!-- Test -->
  </suite> <!-- Suite -->
</testng-results>
